<?xml version="1.0" encoding="UTF-8"?>
<!-- Generated by org.testng.reporters.JUnitReportReporter -->
<testsuite hostname="DESKTOP-JL59L2U" failures="0" tests="4" name="com.TestNG.Testcase2" time="23.366" errors="0" timestamp="2023-07-04T23:15:12 IST" skipped="0">
  <testcase classname="com.TestNG.Testcase2" name="launchbrowser" time="2.719"/>
  <system-out/>
  <testcase classname="com.TestNG.Testcase2" name="OpenApplication" time="9.350"/>
  <system-out/>
  <testcase classname="com.TestNG.Testcase2" name="login" time="10.990"/>
  <system-out/>
  <testcase classname="com.TestNG.Testcase2" name="closebrowser" time="0.307"/>
  <system-out/>
</testsuite> <!-- com.TestNG.Testcase2 -->
