<?xml version="1.0" encoding="UTF-8"?>
<!-- Generated by org.testng.reporters.JUnitReportReporter -->
<testsuite hostname="DESKTOP-JL59L2U" failures="0" tests="2" name="com.TestNG.Grouping" time="0.032" errors="0" timestamp="2023-07-05T22:26:30 IST" skipped="0">
  <testcase classname="com.TestNG.Grouping" name="openUrl" time="0.031"/>
  <system-out/>
  <testcase classname="com.TestNG.Grouping" name="login" time="0.001"/>
  <system-out/>
</testsuite> <!-- com.TestNG.Grouping -->
