<?xml version="1.0" encoding="UTF-8"?>
<!-- Generated by org.testng.reporters.JUnitReportReporter -->
<testsuite hostname="DESKTOP-JL59L2U" failures="0" tests="4" name="com.TestNG.SamepleTestNGTc" time="0.033" errors="0" timestamp="2023-07-14T10:28:31 IST" skipped="0">
  <testcase classname="com.TestNG.SamepleTestNGTc" name="launchapp" time="0.024"/>
  <system-out/>
  <testcase classname="com.TestNG.SamepleTestNGTc" name="logout" time="0.004"/>
  <system-out/>
  <testcase classname="com.TestNG.SamepleTestNGTc" name="closeapp" time="0.002"/>
  <system-out/>
  <testcase classname="com.TestNG.SamepleTestNGTc" name="login" time="0.003"/>
  <system-out/>
</testsuite> <!-- com.TestNG.SamepleTestNGTc -->
