<?xml version="1.0" encoding="UTF-8"?>
<!-- Generated by org.testng.reporters.JUnitReportReporter -->
<testsuite hostname="DESKTOP-JL59L2U" failures="0" tests="3" name="com.Day0.HTTPrequests" time="4.089" errors="0" timestamp="2023-10-07T10:15:06 IST" skipped="0">
  <testcase classname="com.Day0.HTTPrequests" name="getUsers" time="2.651"/>
  <system-out/>
  <testcase classname="com.Day0.HTTPrequests" name="createUser" time="0.912"/>
  <system-out/>
  <testcase classname="com.Day0.HTTPrequests" name="updateUser" time="0.526"/>
  <system-out/>
</testsuite> <!-- com.Day0.HTTPrequests -->
